# JRE version: Java(TM) SE Runtime Environment (8.0_241-b07) (build 1.8.0_241-b07)
# Java VM: Java HotSpot(TM) 64-Bit Server VM (25.241-b07 mixed mode windows-amd64 compressed oops)
Heap:
 PSYoungGen      total 112128K, used 1928K [0x00000000e0400000, 0x00000000e8100000, 0x0000000100000000)
  eden space 98304K, 1% used [0x00000000e0400000,0x00000000e05e21a8,0x00000000e6400000)
  from space 13824K, 0% used [0x00000000e7380000,0x00000000e7380000,0x00000000e8100000)
  to   space 14848K, 0% used [0x00000000e6400000,0x00000000e6400000,0x00000000e7280000)
 ParOldGen       total 77824K, used 26156K [0x00000000a0c00000, 0x00000000a5800000, 0x00000000e0400000)
  object space 77824K, 33% used [0x00000000a0c00000,0x00000000a258b3a8,0x00000000a5800000)
 Metaspace       used 20977K, capacity 21240K, committed 21504K, reserved 1069056K
  class space    used 2683K, capacity 2752K, committed 2816K, reserved 1048576K
GC Heap History (10 events):
Event: 1.090 GC heap before
{Heap before GC invocations=3 (full 0):
 PSYoungGen      total 28672K, used 28669K [0x00000000e0400000, 0x00000000e3c00000, 0x0000000100000000)
  eden space 24576K, 100% used [0x00000000e0400000,0x00000000e1c00000,0x00000000e1c00000)
  from space 4096K, 99% used [0x00000000e2000000,0x00000000e23ff4f0,0x00000000e2400000)
  to   space 4096K, 0% used [0x00000000e1c00000,0x00000000e1c00000,0x00000000e2000000)
 ParOldGen       total 65536K, used 3430K [0x00000000a0c00000, 0x00000000a4c00000, 0x00000000e0400000)
  object space 65536K, 5% used [0x00000000a0c00000,0x00000000a0f598d8,0x00000000a4c00000)
 Metaspace       used 9316K, capacity 9416K, committed 9728K, reserved 1058816K
  class space    used 1139K, capacity 1172K, committed 1280K, reserved 1048576K
Event: 1.096 GC heap after
Heap after GC invocations=3 (full 0):
 PSYoungGen      total 28672K, used 4080K [0x00000000e0400000, 0x00000000e3c00000, 0x0000000100000000)
  eden space 24576K, 0% used [0x00000000e0400000,0x00000000e0400000,0x00000000e1c00000)
  from space 4096K, 99% used [0x00000000e1c00000,0x00000000e1ffc020,0x00000000e2000000)
  to   space 4096K, 0% used [0x00000000e3800000,0x00000000e3800000,0x00000000e3c00000)
 ParOldGen       total 65536K, used 8358K [0x00000000a0c00000, 0x00000000a4c00000, 0x00000000e0400000)
  object space 65536K, 12% used [0x00000000a0c00000,0x00000000a1429a68,0x00000000a4c00000)
 Metaspace       used 9316K, capacity 9416K, committed 9728K, reserved 1058816K
  class space    used 1139K, capacity 1172K, committed 1280K, reserved 1048576K
}
Event: 1.377 GC heap before
{Heap before GC invocations=4 (full 0):
 PSYoungGen      total 28672K, used 28656K [0x00000000e0400000, 0x00000000e3c00000, 0x0000000100000000)
  eden space 24576K, 100% used [0x00000000e0400000,0x00000000e1c00000,0x00000000e1c00000)
  from space 4096K, 99% used [0x00000000e1c00000,0x00000000e1ffc020,0x00000000e2000000)
  to   space 4096K, 0% used [0x00000000e3800000,0x00000000e3800000,0x00000000e3c00000)
 ParOldGen       total 65536K, used 8358K [0x00000000a0c00000, 0x00000000a4c00000, 0x00000000e0400000)
  object space 65536K, 12% used [0x00000000a0c00000,0x00000000a1429a68,0x00000000a4c00000)
 Metaspace       used 11660K, capacity 11796K, committed 12160K, reserved 1060864K
  class space    used 1497K, capacity 1558K, committed 1664K, reserved 1048576K
Event: 1.383 GC heap after
Heap after GC invocations=4 (full 0):
 PSYoungGen      total 53248K, used 4064K [0x00000000e0400000, 0x00000000e3c00000, 0x0000000100000000)
  eden space 49152K, 0% used [0x00000000e0400000,0x00000000e0400000,0x00000000e3400000)
  from space 4096K, 99% used [0x00000000e3800000,0x00000000e3bf8030,0x00000000e3c00000)
  to   space 4096K, 0% used [0x00000000e3400000,0x00000000e3400000,0x00000000e3800000)
 ParOldGen       total 65536K, used 13888K [0x00000000a0c00000, 0x00000000a4c00000, 0x00000000e0400000)
  object space 65536K, 21% used [0x00000000a0c00000,0x00000000a1990390,0x00000000a4c00000)
 Metaspace       used 11660K, capacity 11796K, committed 12160K, reserved 1060864K
  class space    used 1497K, capacity 1558K, committed 1664K, reserved 1048576K
}
Event: 2.212 GC heap before
{Heap before GC invocations=5 (full 0):
 PSYoungGen      total 53248K, used 53216K [0x00000000e0400000, 0x00000000e3c00000, 0x0000000100000000)
  eden space 49152K, 100% used [0x00000000e0400000,0x00000000e3400000,0x00000000e3400000)
  from space 4096K, 99% used [0x00000000e3800000,0x00000000e3bf8030,0x00000000e3c00000)
  to   space 4096K, 0% used [0x00000000e3400000,0x00000000e3400000,0x00000000e3800000)
 ParOldGen       total 65536K, used 13888K [0x00000000a0c00000, 0x00000000a4c00000, 0x00000000e0400000)
  object space 65536K, 21% used [0x00000000a0c00000,0x00000000a1990390,0x00000000a4c00000)
 Metaspace       used 18195K, capacity 18440K, committed 18688K, reserved 1064960K
  class space    used 2406K, capacity 2506K, committed 2560K, reserved 1048576K
Event: 2.226 GC heap after
Heap after GC invocations=5 (full 0):
 PSYoungGen      total 53248K, used 4080K [0x00000000e0400000, 0x00000000e8300000, 0x0000000100000000)
  eden space 49152K, 0% used [0x00000000e0400000,0x00000000e0400000,0x00000000e3400000)
  from space 4096K, 99% used [0x00000000e3400000,0x00000000e37fc020,0x00000000e3800000)
  to   space 15872K, 0% used [0x00000000e7380000,0x00000000e7380000,0x00000000e8300000)
 ParOldGen       total 65536K, used 24246K [0x00000000a0c00000, 0x00000000a4c00000, 0x00000000e0400000)
  object space 65536K, 36% used [0x00000000a0c00000,0x00000000a23ad908,0x00000000a4c00000)
 Metaspace       used 18195K, capacity 18440K, committed 18688K, reserved 1064960K
  class space    used 2406K, capacity 2506K, committed 2560K, reserved 1048576K
}
Event: 3.039 GC heap before
{Heap before GC invocations=6 (full 0):
 PSYoungGen      total 53248K, used 44117K [0x00000000e0400000, 0x00000000e8300000, 0x0000000100000000)
  eden space 49152K, 81% used [0x00000000e0400000,0x00000000e2b19658,0x00000000e3400000)
  from space 4096K, 99% used [0x00000000e3400000,0x00000000e37fc020,0x00000000e3800000)
  to   space 15872K, 0% used [0x00000000e7380000,0x00000000e7380000,0x00000000e8300000)
 ParOldGen       total 65536K, used 24246K [0x00000000a0c00000, 0x00000000a4c00000, 0x00000000e0400000)
  object space 65536K, 36% used [0x00000000a0c00000,0x00000000a23ad908,0x00000000a4c00000)
 Metaspace       used 20864K, capacity 21112K, committed 21248K, reserved 1067008K
  class space    used 2667K, capacity 2752K, committed 2816K, reserved 1048576K
Event: 3.048 GC heap after
Heap after GC invocations=6 (full 0):
 PSYoungGen      total 112128K, used 8080K [0x00000000e0400000, 0x00000000e8100000, 0x0000000100000000)
  eden space 98304K, 0% used [0x00000000e0400000,0x00000000e0400000,0x00000000e6400000)
  from space 13824K, 58% used [0x00000000e7380000,0x00000000e7b641f8,0x00000000e8100000)
  to   space 14848K, 0% used [0x00000000e6400000,0x00000000e6400000,0x00000000e7280000)
 ParOldGen       total 65536K, used 24254K [0x00000000a0c00000, 0x00000000a4c00000, 0x00000000e0400000)
  object space 65536K, 37% used [0x00000000a0c00000,0x00000000a23af908,0x00000000a4c00000)
 Metaspace       used 20864K, capacity 21112K, committed 21248K, reserved 1067008K
  class space    used 2667K, capacity 2752K, committed 2816K, reserved 1048576K
}
Event: 3.048 GC heap before
{Heap before GC invocations=7 (full 1):
 PSYoungGen      total 112128K, used 8080K [0x00000000e0400000, 0x00000000e8100000, 0x0000000100000000)
  eden space 98304K, 0% used [0x00000000e0400000,0x00000000e0400000,0x00000000e6400000)
  from space 13824K, 58% used [0x00000000e7380000,0x00000000e7b641f8,0x00000000e8100000)
  to   space 14848K, 0% used [0x00000000e6400000,0x00000000e6400000,0x00000000e7280000)
 ParOldGen       total 65536K, used 24254K [0x00000000a0c00000, 0x00000000a4c00000, 0x00000000e0400000)
  object space 65536K, 37% used [0x00000000a0c00000,0x00000000a23af908,0x00000000a4c00000)
 Metaspace       used 20864K, capacity 21112K, committed 21248K, reserved 1067008K
  class space    used 2667K, capacity 2752K, committed 2816K, reserved 1048576K
Event: 3.119 GC heap after
Heap after GC invocations=7 (full 1):
 PSYoungGen      total 112128K, used 0K [0x00000000e0400000, 0x00000000e8100000, 0x0000000100000000)
  eden space 98304K, 0% used [0x00000000e0400000,0x00000000e0400000,0x00000000e6400000)
  from space 13824K, 0% used [0x00000000e7380000,0x00000000e7380000,0x00000000e8100000)
  to   space 14848K, 0% used [0x00000000e6400000,0x00000000e6400000,0x00000000e7280000)
 ParOldGen       total 77824K, used 26156K [0x00000000a0c00000, 0x00000000a5800000, 0x00000000e0400000)
  object space 77824K, 33% used [0x00000000a0c00000,0x00000000a258b3a8,0x00000000a5800000)
 Metaspace       used 20864K, capacity 21112K, committed 21248K, reserved 1067008K
  class space    used 2667K, capacity 2752K, committed 2816K, reserved 1048576K
}

