# JRE version: OpenJDK Runtime Environment (8.0_322-b06) (build 1.8.0_322-b06)
# Java VM: OpenJDK 64-Bit Server VM (25.322-b06 mixed mode windows-amd64 compressed oops)
Heap:
 PSYoungGen      total 68096K, used 15658K [0x00000000eb380000, 0x00000000f5780000, 0x0000000100000000)
  eden space 65536K, 23% used [0x00000000eb380000,0x00000000ec2ca9b0,0x00000000ef380000)
  from space 2560K, 0% used [0x00000000ef380000,0x00000000ef380000,0x00000000ef600000)
  to   space 18432K, 0% used [0x00000000f4580000,0x00000000f4580000,0x00000000f5780000)
 ParOldGen       total 69120K, used 28125K [0x00000000c1a00000, 0x00000000c5d80000, 0x00000000eb380000)
  object space 69120K, 40% used [0x00000000c1a00000,0x00000000c35776c8,0x00000000c5d80000)
 Metaspace       used 21295K, capacity 21606K, committed 21760K, reserved 1069056K
  class space    used 2697K, capacity 2797K, committed 2816K, reserved 1048576K
GC Heap History (10 events):
Event: 1.214 GC heap before
{Heap before GC invocations=2 (full 0):
 PSYoungGen      total 18944K, used 18920K [0x00000000eb380000, 0x00000000ed880000, 0x0000000100000000)
  eden space 16384K, 99% used [0x00000000eb380000,0x00000000ec37d0a8,0x00000000ec380000)
  from space 2560K, 99% used [0x00000000ec380000,0x00000000ec5fd2d0,0x00000000ec600000)
  to   space 2560K, 0% used [0x00000000ed600000,0x00000000ed600000,0x00000000ed880000)
 ParOldGen       total 44032K, used 763K [0x00000000c1a00000, 0x00000000c4500000, 0x00000000eb380000)
  object space 44032K, 1% used [0x00000000c1a00000,0x00000000c1abec38,0x00000000c4500000)
 Metaspace       used 5827K, capacity 5890K, committed 6144K, reserved 1056768K
  class space    used 629K, capacity 659K, committed 768K, reserved 1048576K
Event: 1.223 GC heap after
Heap after GC invocations=2 (full 0):
 PSYoungGen      total 35328K, used 2549K [0x00000000eb380000, 0x00000000ed880000, 0x0000000100000000)
  eden space 32768K, 0% used [0x00000000eb380000,0x00000000eb380000,0x00000000ed380000)
  from space 2560K, 99% used [0x00000000ed600000,0x00000000ed87d728,0x00000000ed880000)
  to   space 2560K, 0% used [0x00000000ed380000,0x00000000ed380000,0x00000000ed600000)
 ParOldGen       total 44032K, used 3392K [0x00000000c1a00000, 0x00000000c4500000, 0x00000000eb380000)
  object space 44032K, 7% used [0x00000000c1a00000,0x00000000c1d500a8,0x00000000c4500000)
 Metaspace       used 5827K, capacity 5890K, committed 6144K, reserved 1056768K
  class space    used 629K, capacity 659K, committed 768K, reserved 1048576K
}
Event: 1.890 GC heap before
{Heap before GC invocations=3 (full 0):
 PSYoungGen      total 35328K, used 35317K [0x00000000eb380000, 0x00000000ed880000, 0x0000000100000000)
  eden space 32768K, 100% used [0x00000000eb380000,0x00000000ed380000,0x00000000ed380000)
  from space 2560K, 99% used [0x00000000ed600000,0x00000000ed87d728,0x00000000ed880000)
  to   space 2560K, 0% used [0x00000000ed380000,0x00000000ed380000,0x00000000ed600000)
 ParOldGen       total 44032K, used 3392K [0x00000000c1a00000, 0x00000000c4500000, 0x00000000eb380000)
  object space 44032K, 7% used [0x00000000c1a00000,0x00000000c1d500a8,0x00000000c4500000)
 Metaspace       used 8623K, capacity 8744K, committed 8832K, reserved 1056768K
  class space    used 1027K, capacity 1076K, committed 1152K, reserved 1048576K
Event: 1.913 GC heap after
Heap after GC invocations=3 (full 0):
 PSYoungGen      total 35328K, used 2545K [0x00000000eb380000, 0x00000000ef880000, 0x0000000100000000)
  eden space 32768K, 0% used [0x00000000eb380000,0x00000000eb380000,0x00000000ed380000)
  from space 2560K, 99% used [0x00000000ed380000,0x00000000ed5fc678,0x00000000ed600000)
  to   space 2560K, 0% used [0x00000000ef600000,0x00000000ef600000,0x00000000ef880000)
 ParOldGen       total 44032K, used 12882K [0x00000000c1a00000, 0x00000000c4500000, 0x00000000eb380000)
  object space 44032K, 29% used [0x00000000c1a00000,0x00000000c2694900,0x00000000c4500000)
 Metaspace       used 8623K, capacity 8744K, committed 8832K, reserved 1056768K
  class space    used 1027K, capacity 1076K, committed 1152K, reserved 1048576K
}
Event: 2.780 GC heap before
{Heap before GC invocations=4 (full 0):
 PSYoungGen      total 35328K, used 35313K [0x00000000eb380000, 0x00000000ef880000, 0x0000000100000000)
  eden space 32768K, 100% used [0x00000000eb380000,0x00000000ed380000,0x00000000ed380000)
  from space 2560K, 99% used [0x00000000ed380000,0x00000000ed5fc678,0x00000000ed600000)
  to   space 2560K, 0% used [0x00000000ef600000,0x00000000ef600000,0x00000000ef880000)
 ParOldGen       total 44032K, used 12882K [0x00000000c1a00000, 0x00000000c4500000, 0x00000000eb380000)
  object space 44032K, 29% used [0x00000000c1a00000,0x00000000c2694900,0x00000000c4500000)
 Metaspace       used 12055K, capacity 12148K, committed 12288K, reserved 1060864K
  class space    used 1507K, capacity 1526K, committed 1536K, reserved 1048576K
Event: 2.800 GC heap after
Heap after GC invocations=4 (full 0):
 PSYoungGen      total 68096K, used 2550K [0x00000000eb380000, 0x00000000ef880000, 0x0000000100000000)
  eden space 65536K, 0% used [0x00000000eb380000,0x00000000eb380000,0x00000000ef380000)
  from space 2560K, 99% used [0x00000000ef600000,0x00000000ef87d808,0x00000000ef880000)
  to   space 2560K, 0% used [0x00000000ef380000,0x00000000ef380000,0x00000000ef600000)
 ParOldGen       total 44032K, used 21313K [0x00000000c1a00000, 0x00000000c4500000, 0x00000000eb380000)
  object space 44032K, 48% used [0x00000000c1a00000,0x00000000c2ed0700,0x00000000c4500000)
 Metaspace       used 12055K, capacity 12148K, committed 12288K, reserved 1060864K
  class space    used 1507K, capacity 1526K, committed 1536K, reserved 1048576K
}
Event: 6.724 GC heap before
{Heap before GC invocations=5 (full 0):
 PSYoungGen      total 68096K, used 68086K [0x00000000eb380000, 0x00000000ef880000, 0x0000000100000000)
  eden space 65536K, 100% used [0x00000000eb380000,0x00000000ef380000,0x00000000ef380000)
  from space 2560K, 99% used [0x00000000ef600000,0x00000000ef87d808,0x00000000ef880000)
  to   space 2560K, 0% used [0x00000000ef380000,0x00000000ef380000,0x00000000ef600000)
 ParOldGen       total 44032K, used 21313K [0x00000000c1a00000, 0x00000000c4500000, 0x00000000eb380000)
  object space 44032K, 48% used [0x00000000c1a00000,0x00000000c2ed0700,0x00000000c4500000)
 Metaspace       used 20148K, capacity 20424K, committed 20608K, reserved 1067008K
  class space    used 2575K, capacity 2664K, committed 2688K, reserved 1048576K
Event: 6.803 GC heap after
Heap after GC invocations=5 (full 0):
 PSYoungGen      total 68096K, used 2529K [0x00000000eb380000, 0x00000000f5780000, 0x0000000100000000)
  eden space 65536K, 0% used [0x00000000eb380000,0x00000000eb380000,0x00000000ef380000)
  from space 2560K, 98% used [0x00000000ef380000,0x00000000ef5f8668,0x00000000ef600000)
  to   space 18432K, 0% used [0x00000000f4580000,0x00000000f4580000,0x00000000f5780000)
 ParOldGen       total 44032K, used 33300K [0x00000000c1a00000, 0x00000000c4500000, 0x00000000eb380000)
  object space 44032K, 75% used [0x00000000c1a00000,0x00000000c3a850d0,0x00000000c4500000)
 Metaspace       used 20148K, capacity 20424K, committed 20608K, reserved 1067008K
  class space    used 2575K, capacity 2664K, committed 2688K, reserved 1048576K
}
Event: 6.803 GC heap before
{Heap before GC invocations=6 (full 1):
 PSYoungGen      total 68096K, used 2529K [0x00000000eb380000, 0x00000000f5780000, 0x0000000100000000)
  eden space 65536K, 0% used [0x00000000eb380000,0x00000000eb380000,0x00000000ef380000)
  from space 2560K, 98% used [0x00000000ef380000,0x00000000ef5f8668,0x00000000ef600000)
  to   space 18432K, 0% used [0x00000000f4580000,0x00000000f4580000,0x00000000f5780000)
 ParOldGen       total 44032K, used 33300K [0x00000000c1a00000, 0x00000000c4500000, 0x00000000eb380000)
  object space 44032K, 75% used [0x00000000c1a00000,0x00000000c3a850d0,0x00000000c4500000)
 Metaspace       used 20148K, capacity 20424K, committed 20608K, reserved 1067008K
  class space    used 2575K, capacity 2664K, committed 2688K, reserved 1048576K
Event: 6.983 GC heap after
Heap after GC invocations=6 (full 1):
 PSYoungGen      total 68096K, used 0K [0x00000000eb380000, 0x00000000f5780000, 0x0000000100000000)
  eden space 65536K, 0% used [0x00000000eb380000,0x00000000eb380000,0x00000000ef380000)
  from space 2560K, 0% used [0x00000000ef380000,0x00000000ef380000,0x00000000ef600000)
  to   space 18432K, 0% used [0x00000000f4580000,0x00000000f4580000,0x00000000f5780000)
 ParOldGen       total 69120K, used 28125K [0x00000000c1a00000, 0x00000000c5d80000, 0x00000000eb380000)
  object space 69120K, 40% used [0x00000000c1a00000,0x00000000c35776c8,0x00000000c5d80000)
 Metaspace       used 20148K, capacity 20424K, committed 20608K, reserved 1067008K
  class space    used 2575K, capacity 2664K, committed 2688K, reserved 1048576K
}

